<?xml version="1.0" encoding="UTF-8"?>
<!-- Generated by org.testng.reporters.JUnitReportReporter -->
<testsuite hostname="Ilhans-MBP.fios-router.home" name="com.hubspot.Tests.LoginPFTest" tests="1" failures="0" timestamp="14 Sep 2019 11:14:03 GMT" time="14.208" errors="0">
  <testcase name="loginTest" time="14.208" classname="com.hubspot.Tests.LoginPFTest"/>
</testsuite> <!-- com.hubspot.Tests.LoginPFTest -->
